<?xml version="1.0" encoding="UTF-8"?>
<!-- Generated by org.testng.reporters.JUnitReportReporter -->
<testsuite hostname="BLR1-LTBPKSX52" name="pageLogin_Normal.LoginPage_Testcase" tests="1" failures="0" timestamp="18 Jun 2019 11:40:17 GMT" time="20.122" errors="0">
  <testcase name="loginpage" time="20.122" classname="pageLogin_Normal.LoginPage_Testcase"/>
</testsuite> <!-- pageLogin_Normal.LoginPage_Testcase -->
